Sun Jan 11 12:24:58 2026       
+---------------------------------------------------------------------------------------+
| NVIDIA-SMI 535.183.01             Driver Version: 535.183.01   CUDA Version: 12.2     |
|-----------------------------------------+----------------------+----------------------+
| GPU  Name                 Persistence-M | Bus-Id        Disp.A | Volatile Uncorr. ECC |
| Fan  Temp   Perf          Pwr:Usage/Cap |         Memory-Usage | GPU-Util  Compute M. |
|                                         |                      |               MIG M. |
|=========================================+======================+======================|
|   0  NVIDIA L40S                    Off | 00000000:25:00.0 Off |                    0 |
| N/A   54C    P0             185W / 350W |  35076MiB / 46068MiB |    100%      Default |
|                                         |                      |                  N/A |
+-----------------------------------------+----------------------+----------------------+
|   1  NVIDIA L40S                    Off | 00000000:26:00.0 Off |                    0 |
| N/A   55C    P0             214W / 350W |  29644MiB / 46068MiB |    100%      Default |
|                                         |                      |                  N/A |
+-----------------------------------------+----------------------+----------------------+
|   2  NVIDIA L40S                    Off | 00000000:45:00.0 Off |                    0 |
| N/A   53C    P0             184W / 350W |  29624MiB / 46068MiB |    100%      Default |
|                                         |                      |                  N/A |
+-----------------------------------------+----------------------+----------------------+
|   3  NVIDIA L40S                    Off | 00000000:46:00.0 Off |                    0 |
| N/A   34C    P8              33W / 350W |      0MiB / 46068MiB |      0%      Default |
|                                         |                      |                  N/A |
+-----------------------------------------+----------------------+----------------------+
|   4  NVIDIA L40S                    Off | 00000000:A5:00.0 Off |                    0 |
| N/A   43C    P0             283W / 350W |  26546MiB / 46068MiB |     98%      Default |
|                                         |                      |                  N/A |
+-----------------------------------------+----------------------+----------------------+
|   5  NVIDIA L40S                    Off | 00000000:A6:00.0 Off |                    0 |
| N/A   34C    P0              79W / 350W |  24434MiB / 46068MiB |      0%      Default |
|                                         |                      |                  N/A |
+-----------------------------------------+----------------------+----------------------+
|   6  NVIDIA L40S                    Off | 00000000:C5:00.0 Off |                    0 |
| N/A   46C    P0             209W / 350W |  29644MiB / 46068MiB |    100%      Default |
|                                         |                      |                  N/A |
+-----------------------------------------+----------------------+----------------------+
|   7  NVIDIA L40S                    Off | 00000000:C6:00.0 Off |                    0 |
| N/A   35C    P0              82W / 350W |  24722MiB / 46068MiB |      0%      Default |
|                                         |                      |                  N/A |
+-----------------------------------------+----------------------+----------------------+
                                                                                         
+---------------------------------------------------------------------------------------+
| Processes:                                                                            |
|  GPU   GI   CI        PID   Type   Process name                            GPU Memory |
|        ID   ID                                                             Usage      |
|=======================================================================================|
|    0   N/A  N/A   1787429      C   ...dortirosh/envs/olmo2/bin/python3.11    33780MiB |
|    0   N/A  N/A   1787430      C   ...dortirosh/envs/olmo2/bin/python3.11      424MiB |
|    0   N/A  N/A   1787431      C   ...dortirosh/envs/olmo2/bin/python3.11      424MiB |
|    0   N/A  N/A   1787432      C   ...dortirosh/envs/olmo2/bin/python3.11      424MiB |
|    1   N/A  N/A   1787430      C   ...dortirosh/envs/olmo2/bin/python3.11    29636MiB |
|    2   N/A  N/A   1787431      C   ...dortirosh/envs/olmo2/bin/python3.11    29616MiB |
|    4   N/A  N/A   1690347      C   ...uslik/miniconda3/envs/he/bin/python    26538MiB |
|    5   N/A  N/A   1690349      C   ...uslik/miniconda3/envs/he/bin/python    24426MiB |
|    6   N/A  N/A   1787432      C   ...dortirosh/envs/olmo2/bin/python3.11    29636MiB |
|    7   N/A  N/A   1650472      C   ...uslik/miniconda3/envs/he/bin/python    24714MiB |
+---------------------------------------------------------------------------------------+
Using device: cuda
Single Input IDs: tensor([[151646,  14582,     25,   3555,    374,    220,     17,     10,     17,
             30,  21806,   3019,  14319,  29208,     25]], device='cuda:0')
Single Layer 0 shape: torch.Size([1, 15, 3584])
Batch Input IDs: tensor([[151643, 151643, 151643, 151643, 151643, 151643, 151643, 151643, 151646,
          14582,     25,   3555,    374,    220,     17,     10,     17,     30,
          21806,   3019,  14319,  29208,     25],
        [151646,  14582,     25,  63284,    279,  40164,  23606,    379,   4605,
            488,    379,    284,    220,     15,    448,   2856,   4682,     13,
          21806,   3019,  14319,  29208,     25]], device='cuda:0')
Batch Position IDs: tensor([[ 1,  1,  1,  1,  1,  1,  1,  1,  0,  1,  2,  3,  4,  5,  6,  7,  8,  9,
         10, 11, 12, 13, 14],
        [ 0,  1,  2,  3,  4,  5,  6,  7,  8,  9, 10, 11, 12, 13, 14, 15, 16, 17,
         18, 19, 20, 21, 22]], device='cuda:0')
Batch Layer 0 shape: torch.Size([2, 23, 3584])
Comparing shapes:
Batch slice: torch.Size([15, 3584])
Single: torch.Size([15, 3584])
Max Diff Layer 0: 0.015625
FAILURE: Mismatch detected.
