Sun Jan 11 18:18:13 2026       
+-----------------------------------------------------------------------------------------+
| NVIDIA-SMI 550.120                Driver Version: 550.120        CUDA Version: 12.4     |
|-----------------------------------------+------------------------+----------------------+
| GPU  Name                 Persistence-M | Bus-Id          Disp.A | Volatile Uncorr. ECC |
| Fan  Temp   Perf          Pwr:Usage/Cap |           Memory-Usage | GPU-Util  Compute M. |
|                                         |                        |               MIG M. |
|=========================================+========================+======================|
|   0  NVIDIA RTX A6000               Off |   00000000:01:00.0 Off |                  Off |
| 71%   89C    P2            289W /  300W |    2983MiB /  49140MiB |     85%      Default |
|                                         |                        |                  N/A |
+-----------------------------------------+------------------------+----------------------+
|   1  NVIDIA RTX A6000               Off |   00000000:22:00.0 Off |                  Off |
| 57%   70C    P2             96W /  300W |    3061MiB /  49140MiB |      0%      Default |
|                                         |                        |                  N/A |
+-----------------------------------------+------------------------+----------------------+
|   2  NVIDIA RTX A6000               Off |   00000000:41:00.0 Off |                  Off |
| 41%   71C    P2            298W /  300W |   27139MiB /  49140MiB |    100%      Default |
|                                         |                        |                  N/A |
+-----------------------------------------+------------------------+----------------------+
|   3  NVIDIA RTX A6000               Off |   00000000:61:00.0 Off |                  Off |
| 55%   80C    P2            293W /  300W |   30881MiB /  49140MiB |     98%      Default |
|                                         |                        |                  N/A |
+-----------------------------------------+------------------------+----------------------+
|   4  NVIDIA RTX A6000               Off |   00000000:81:00.0 Off |                  Off |
| 30%   24C    P8             22W /  300W |     267MiB /  49140MiB |      0%      Default |
|                                         |                        |                  N/A |
+-----------------------------------------+------------------------+----------------------+
|   5  NVIDIA RTX A6000               Off |   00000000:A1:00.0 Off |                  Off |
| 30%   24C    P8             20W /  300W |       2MiB /  49140MiB |      0%      Default |
|                                         |                        |                  N/A |
+-----------------------------------------+------------------------+----------------------+
|   6  NVIDIA RTX A6000               Off |   00000000:C1:00.0 Off |                  Off |
| 31%   60C    P2            296W /  300W |   24937MiB /  49140MiB |    100%      Default |
|                                         |                        |                  N/A |
+-----------------------------------------+------------------------+----------------------+
|   7  NVIDIA RTX A6000               Off |   00000000:E1:00.0 Off |                  Off |
| 30%   25C    P8             25W /  300W |       2MiB /  49140MiB |      0%      Default |
|                                         |                        |                  N/A |
+-----------------------------------------+------------------------+----------------------+
                                                                                         
+-----------------------------------------------------------------------------------------+
| Processes:                                                                              |
|  GPU   GI   CI        PID   Type   Process name                              GPU Memory |
|        ID   ID                                                               Usage      |
|=========================================================================================|
|    0   N/A  N/A   2030368      C   python3                                      2976MiB |
|    1   N/A  N/A   2030397      C   python3                                      3054MiB |
|    2   N/A  N/A   3213153      C   python                                      27132MiB |
|    3   N/A  N/A   2920385      C   ...s/almogt/sampled-kd/venv/bin/python      30874MiB |
|    4   N/A  N/A   2920385      C   ...s/almogt/sampled-kd/venv/bin/python        260MiB |
|    6   N/A  N/A   1395151      C   ...tangled-latent-id/.venv/bin/python3      24930MiB |
+-----------------------------------------------------------------------------------------+
loading dataset
24 questions

XXX Starting Injected Generation XXX
Initializing generator...
Loading tokenizer...
Loading model...
