Sun Jan 11 18:12:51 2026       
+-----------------------------------------------------------------------------------------+
| NVIDIA-SMI 550.120                Driver Version: 550.120        CUDA Version: 12.4     |
|-----------------------------------------+------------------------+----------------------+
| GPU  Name                 Persistence-M | Bus-Id          Disp.A | Volatile Uncorr. ECC |
| Fan  Temp   Perf          Pwr:Usage/Cap |           Memory-Usage | GPU-Util  Compute M. |
|                                         |                        |               MIG M. |
|=========================================+========================+======================|
|   0  NVIDIA RTX A6000               Off |   00000000:01:00.0 Off |                  Off |
| 30%   56C    P2            111W /  300W |    7754MiB /  49140MiB |     31%      Default |
|                                         |                        |                  N/A |
+-----------------------------------------+------------------------+----------------------+
|   1  NVIDIA RTX A6000               Off |   00000000:21:00.0 Off |                  Off |
| 30%   37C    P8             20W /  300W |       2MiB /  49140MiB |      0%      Default |
|                                         |                        |                  N/A |
+-----------------------------------------+------------------------+----------------------+
|   2  NVIDIA RTX A6000               Off |   00000000:41:00.0 Off |                  Off |
| 30%   57C    P2            116W /  300W |    7754MiB /  49140MiB |     30%      Default |
|                                         |                        |                  N/A |
+-----------------------------------------+------------------------+----------------------+
|   3  NVIDIA RTX A6000               Off |   00000000:61:00.0 Off |                  Off |
| 30%   37C    P8             23W /  300W |       2MiB /  49140MiB |      0%      Default |
|                                         |                        |                  N/A |
+-----------------------------------------+------------------------+----------------------+
|   4  NVIDIA RTX A6000               Off |   00000000:81:00.0 Off |                  Off |
| 46%   73C    P2            297W /  300W |   45189MiB /  49140MiB |     98%      Default |
|                                         |                        |                  N/A |
+-----------------------------------------+------------------------+----------------------+
|   5  NVIDIA RTX A6000               Off |   00000000:A1:00.0 Off |                  Off |
| 30%   26C    P8             22W /  300W |       2MiB /  49140MiB |      0%      Default |
|                                         |                        |                  N/A |
+-----------------------------------------+------------------------+----------------------+
|   6  NVIDIA RTX A6000               Off |   00000000:C1:00.0 Off |                  Off |
| 37%   65C    P2            290W /  300W |   30887MiB /  49140MiB |    100%      Default |
|                                         |                        |                  N/A |
+-----------------------------------------+------------------------+----------------------+
|   7  NVIDIA RTX A6000               Off |   00000000:E1:00.0 Off |                  Off |
| 30%   26C    P8             23W /  300W |     267MiB /  49140MiB |      0%      Default |
|                                         |                        |                  N/A |
+-----------------------------------------+------------------------+----------------------+
                                                                                         
+-----------------------------------------------------------------------------------------+
| Processes:                                                                              |
|  GPU   GI   CI        PID   Type   Process name                              GPU Memory |
|        ID   ID                                                               Usage      |
|=========================================================================================|
|    0   N/A  N/A   1018871      C   ...s/almogt/sampled-kd/venv/bin/python       3818MiB |
|    0   N/A  N/A   1042032      C   ...s/almogt/sampled-kd/venv/bin/python       3926MiB |
|    2   N/A  N/A   1015723      C   ...s/almogt/sampled-kd/venv/bin/python       3818MiB |
|    2   N/A  N/A   1040360      C   ...s/almogt/sampled-kd/venv/bin/python       3926MiB |
|    4   N/A  N/A    982202      C   ...n/users/tomerporian/dev2/bin/python      45182MiB |
|    6   N/A  N/A   1008162      C   ...s/almogt/sampled-kd/venv/bin/python      30880MiB |
|    7   N/A  N/A   1008162      C   ...s/almogt/sampled-kd/venv/bin/python        260MiB |
+-----------------------------------------------------------------------------------------+
