Mon Dec 22 11:22:12 2025       
+-----------------------------------------------------------------------------------------+
| NVIDIA-SMI 550.120                Driver Version: 550.120        CUDA Version: 12.4     |
|-----------------------------------------+------------------------+----------------------+
| GPU  Name                 Persistence-M | Bus-Id          Disp.A | Volatile Uncorr. ECC |
| Fan  Temp   Perf          Pwr:Usage/Cap |           Memory-Usage | GPU-Util  Compute M. |
|                                         |                        |               MIG M. |
|=========================================+========================+======================|
|   0  NVIDIA RTX A5000               On  |   00000000:01:00.0 Off |                  Off |
| 50%   76C    P2            229W /  230W |   17995MiB /  24564MiB |    100%      Default |
|                                         |                        |                  N/A |
+-----------------------------------------+------------------------+----------------------+
|   1  NVIDIA RTX A5000               On  |   00000000:21:00.0 Off |                  Off |
| 30%   56C    P2            130W /  230W |   17415MiB /  24564MiB |    100%      Default |
|                                         |                        |                  N/A |
+-----------------------------------------+------------------------+----------------------+
|   2  NVIDIA RTX A5000               On  |   00000000:41:00.0 Off |                  Off |
| 30%   45C    P2            133W /  230W |   17415MiB /  24564MiB |    100%      Default |
|                                         |                        |                  N/A |
+-----------------------------------------+------------------------+----------------------+
|   3  NVIDIA RTX A5000               On  |   00000000:61:00.0 Off |                  Off |
| 30%   49C    P2            138W /  230W |   17415MiB /  24564MiB |    100%      Default |
|                                         |                        |                  N/A |
+-----------------------------------------+------------------------+----------------------+
|   4  NVIDIA RTX A5000               On  |   00000000:81:00.0 Off |                  Off |
| 30%   39C    P2            132W /  230W |   17415MiB /  24564MiB |    100%      Default |
|                                         |                        |                  N/A |
+-----------------------------------------+------------------------+----------------------+
|   5  NVIDIA RTX A5000               On  |   00000000:A1:00.0 Off |                  Off |
| 30%   37C    P2            121W /  230W |   18707MiB /  24564MiB |     20%      Default |
|                                         |                        |                  N/A |
+-----------------------------------------+------------------------+----------------------+
|   6  NVIDIA RTX A5000               On  |   00000000:C1:00.0 Off |                  Off |
| 30%   45C    P2            136W /  230W |   14449MiB /  24564MiB |     89%      Default |
|                                         |                        |                  N/A |
+-----------------------------------------+------------------------+----------------------+
|   7  NVIDIA RTX A5000               On  |   00000000:E1:00.0 Off |                  Off |
| 30%   26C    P5             31W /  230W |       2MiB /  24564MiB |      0%      Default |
|                                         |                        |                  N/A |
+-----------------------------------------+------------------------+----------------------+
                                                                                         
+-----------------------------------------------------------------------------------------+
| Processes:                                                                              |
|  GPU   GI   CI        PID   Type   Process name                              GPU Memory |
|        ID   ID                                                               Usage      |
|=========================================================================================|
|    0   N/A  N/A   1216959      C   python                                      17988MiB |
|    1   N/A  N/A   1258511      C   ...sler/miniconda3/envs/dev/bin/python      17408MiB |
|    2   N/A  N/A   1258512      C   ...sler/miniconda3/envs/dev/bin/python      17408MiB |
|    3   N/A  N/A   1258513      C   ...sler/miniconda3/envs/dev/bin/python      17408MiB |
|    4   N/A  N/A   1258514      C   ...sler/miniconda3/envs/dev/bin/python      17408MiB |
|    5   N/A  N/A   1227889      C   ...s/almogt/sampled-kd/venv/bin/python      18700MiB |
|    6   N/A  N/A   1227889      C   ...s/almogt/sampled-kd/venv/bin/python      14442MiB |
+-----------------------------------------------------------------------------------------+
