Sun Jan  4 21:27:31 2026       
+-----------------------------------------------------------------------------------------+
| NVIDIA-SMI 550.120                Driver Version: 550.120        CUDA Version: 12.4     |
|-----------------------------------------+------------------------+----------------------+
| GPU  Name                 Persistence-M | Bus-Id          Disp.A | Volatile Uncorr. ECC |
| Fan  Temp   Perf          Pwr:Usage/Cap |           Memory-Usage | GPU-Util  Compute M. |
|                                         |                        |               MIG M. |
|=========================================+========================+======================|
|   0  NVIDIA RTX A5000               On  |   00000000:01:00.0 Off |                  Off |
| 48%   76C    P2            228W /  230W |   11881MiB /  24564MiB |    100%      Default |
|                                         |                        |                  N/A |
+-----------------------------------------+------------------------+----------------------+
|   1  NVIDIA RTX A5000               On  |   00000000:21:00.0 Off |                  Off |
| 51%   78C    P2            228W /  230W |   11815MiB /  24564MiB |    100%      Default |
|                                         |                        |                  N/A |
+-----------------------------------------+------------------------+----------------------+
|   2  NVIDIA RTX A5000               On  |   00000000:41:00.0 Off |                  Off |
| 30%   58C    P2            228W /  230W |   12049MiB /  24564MiB |    100%      Default |
|                                         |                        |                  N/A |
+-----------------------------------------+------------------------+----------------------+
|   3  NVIDIA RTX A5000               On  |   00000000:61:00.0 Off |                  Off |
| 30%   48C    P2            125W /  230W |   20215MiB /  24564MiB |     89%      Default |
|                                         |                        |                  N/A |
+-----------------------------------------+------------------------+----------------------+
|   4  NVIDIA RTX A5000               On  |   00000000:81:00.0 Off |                  Off |
| 30%   26C    P5             31W /  230W |       2MiB /  24564MiB |      0%      Default |
|                                         |                        |                  N/A |
+-----------------------------------------+------------------------+----------------------+
|   5  NVIDIA RTX A5000               On  |   00000000:A1:00.0 Off |                  Off |
| 30%   58C    P2            227W /  230W |   11983MiB /  24564MiB |    100%      Default |
|                                         |                        |                  N/A |
+-----------------------------------------+------------------------+----------------------+
|   6  NVIDIA RTX A5000               On  |   00000000:C1:00.0 Off |                  Off |
| 30%   26C    P5             32W /  230W |     209MiB /  24564MiB |      0%      Default |
|                                         |                        |                  N/A |
+-----------------------------------------+------------------------+----------------------+
|   7  NVIDIA RTX A5000               On  |   00000000:E1:00.0 Off |                  Off |
| 30%   26C    P5             30W /  230W |       2MiB /  24564MiB |      0%      Default |
|                                         |                        |                  N/A |
+-----------------------------------------+------------------------+----------------------+
                                                                                         
+-----------------------------------------------------------------------------------------+
| Processes:                                                                              |
|  GPU   GI   CI        PID   Type   Process name                              GPU Memory |
|        ID   ID                                                               Usage      |
|=========================================================================================|
|    0   N/A  N/A   1409343      C   ...envs/prompt_originality/bin/python3      11874MiB |
|    1   N/A  N/A   1195020      C   ...envs/prompt_originality/bin/python3      11808MiB |
|    2   N/A  N/A   1195019      C   ...envs/prompt_originality/bin/python3      12042MiB |
|    3   N/A  N/A    624396      C   ...s/almogt/sampled-kd/venv/bin/python      20208MiB |
|    5   N/A  N/A   1409344      C   ...envs/prompt_originality/bin/python3      11976MiB |
|    6   N/A  N/A    624396      C   ...s/almogt/sampled-kd/venv/bin/python        202MiB |
+-----------------------------------------------------------------------------------------+
