Sun Jan 11 10:57:54 2026       
+-----------------------------------------------------------------------------------------+
| NVIDIA-SMI 550.90.07              Driver Version: 550.90.07      CUDA Version: 12.4     |
|-----------------------------------------+------------------------+----------------------+
| GPU  Name                 Persistence-M | Bus-Id          Disp.A | Volatile Uncorr. ECC |
| Fan  Temp   Perf          Pwr:Usage/Cap |           Memory-Usage | GPU-Util  Compute M. |
|                                         |                        |               MIG M. |
|=========================================+========================+======================|
|   0  NVIDIA L40S                    Off |   00000000:25:00.0 Off |                    0 |
| N/A   35C    P0            102W /  350W |    1333MiB /  46068MiB |      0%      Default |
|                                         |                        |                  N/A |
+-----------------------------------------+------------------------+----------------------+
|   1  NVIDIA L40S                    Off |   00000000:26:00.0 Off |                    0 |
| N/A   46C    P0            238W /  350W |   30809MiB /  46068MiB |      0%      Default |
|                                         |                        |                  N/A |
+-----------------------------------------+------------------------+----------------------+
|   2  NVIDIA L40S                    Off |   00000000:45:00.0 Off |                    0 |
| N/A   38C    P8             35W /  350W |       1MiB /  46068MiB |      0%      Default |
|                                         |                        |                  N/A |
+-----------------------------------------+------------------------+----------------------+
|   3  NVIDIA L40S                    Off |   00000000:46:00.0 Off |                    0 |
| N/A   65C    P0            270W /  350W |   36787MiB /  46068MiB |    100%      Default |
|                                         |                        |                  N/A |
+-----------------------------------------+------------------------+----------------------+
|   4  NVIDIA L40S                    Off |   00000000:A5:00.0 Off |                    0 |
| N/A   53C    P0            256W /  350W |   36787MiB /  46068MiB |    100%      Default |
|                                         |                        |                  N/A |
+-----------------------------------------+------------------------+----------------------+
|   5  NVIDIA L40S                    Off |   00000000:A6:00.0 Off |                    0 |
| N/A   50C    P0            241W /  350W |   23971MiB /  46068MiB |     99%      Default |
|                                         |                        |                  N/A |
+-----------------------------------------+------------------------+----------------------+
|   6  NVIDIA L40S                    Off |   00000000:C5:00.0 Off |                    0 |
| N/A   25C    P8             32W /  350W |       4MiB /  46068MiB |      0%      Default |
|                                         |                        |                  N/A |
+-----------------------------------------+------------------------+----------------------+
|   7  NVIDIA L40S                    Off |   00000000:C6:00.0 Off |                    0 |
| N/A   24C    P8             32W /  350W |       1MiB /  46068MiB |      0%      Default |
|                                         |                        |                  N/A |
+-----------------------------------------+------------------------+----------------------+
                                                                                         
+-----------------------------------------------------------------------------------------+
| Processes:                                                                              |
|  GPU   GI   CI        PID   Type   Process name                              GPU Memory |
|        ID   ID                                                               Usage      |
|=========================================================================================|
|    0   N/A  N/A   1608744      C   ...3/envs/modded_nanogpt/bin/python3.1       1326MiB |
|    1   N/A  N/A   1535843      C   python                                      30802MiB |
|    3   N/A  N/A   1535842      C   python                                      36780MiB |
|    4   N/A  N/A   1437011      C   python                                      36780MiB |
|    5   N/A  N/A   1449483      C   python                                      23964MiB |
+-----------------------------------------------------------------------------------------+
loading dataset
40 questions

XXX Starting Injected Generation XXX
Initializing generator...
Loading tokenizer...
Loading model...
