Sun Jan 11 13:03:45 2026       
+-----------------------------------------------------------------------------------------+
| NVIDIA-SMI 550.90.07              Driver Version: 550.90.07      CUDA Version: 12.4     |
|-----------------------------------------+------------------------+----------------------+
| GPU  Name                 Persistence-M | Bus-Id          Disp.A | Volatile Uncorr. ECC |
| Fan  Temp   Perf          Pwr:Usage/Cap |           Memory-Usage | GPU-Util  Compute M. |
|                                         |                        |               MIG M. |
|=========================================+========================+======================|
|   0  NVIDIA L40S                    Off |   00000000:25:00.0 Off |                    0 |
| N/A   58C    P0            291W /  350W |   31069MiB /  46068MiB |     91%      Default |
|                                         |                        |                  N/A |
+-----------------------------------------+------------------------+----------------------+
|   1  NVIDIA L40S                    Off |   00000000:26:00.0 Off |                    0 |
| N/A   43C    P0             83W /  350W |   26545MiB /  46068MiB |      0%      Default |
|                                         |                        |                  N/A |
+-----------------------------------------+------------------------+----------------------+
|   2  NVIDIA L40S                    Off |   00000000:45:00.0 Off |                    0 |
| N/A   38C    P0             82W /  350W |     431MiB /  46068MiB |      0%      Default |
|                                         |                        |                  N/A |
+-----------------------------------------+------------------------+----------------------+
|   3  NVIDIA L40S                    Off |   00000000:46:00.0 Off |                    0 |
| N/A   58C    P0            269W /  350W |   42957MiB /  46068MiB |     46%      Default |
|                                         |                        |                  N/A |
+-----------------------------------------+------------------------+----------------------+
|   4  NVIDIA L40S                    Off |   00000000:A5:00.0 Off |                    0 |
| N/A   34C    P0            119W /  350W |    2275MiB /  46068MiB |     19%      Default |
|                                         |                        |                  N/A |
+-----------------------------------------+------------------------+----------------------+
|   5  NVIDIA L40S                    Off |   00000000:A6:00.0 Off |                    0 |
| N/A   47C    P0            258W /  350W |   26251MiB /  46068MiB |     96%      Default |
|                                         |                        |                  N/A |
+-----------------------------------------+------------------------+----------------------+
|   6  NVIDIA L40S                    Off |   00000000:C5:00.0 Off |                    0 |
| N/A   35C    P0             78W /  350W |   24721MiB /  46068MiB |      0%      Default |
|                                         |                        |                  N/A |
+-----------------------------------------+------------------------+----------------------+
|   7  NVIDIA L40S                    Off |   00000000:C6:00.0 Off |                    0 |
| N/A   31C    P0             80W /  350W |       1MiB /  46068MiB |      0%      Default |
|                                         |                        |                  N/A |
+-----------------------------------------+------------------------+----------------------+
                                                                                         
+-----------------------------------------------------------------------------------------+
| Processes:                                                                              |
|  GPU   GI   CI        PID   Type   Process name                              GPU Memory |
|        ID   ID                                                               Usage      |
|=========================================================================================|
|    0   N/A  N/A   3771533      C   ...s/almogt/sampled-kd/venv/bin/python      31062MiB |
|    1   N/A  N/A   3569786      C   ...uslik/miniconda3/envs/he/bin/python      26538MiB |
|    2   N/A  N/A   3771533      C   ...s/almogt/sampled-kd/venv/bin/python        424MiB |
|    3   N/A  N/A   3569885      C   ...any/repos/Transkun/.venv/bin/python      42950MiB |
|    4   N/A  N/A   3585106      C   python3                                      2268MiB |
|    5   N/A  N/A   3495573      C   ...uslik/miniconda3/envs/he/bin/python      26244MiB |
|    6   N/A  N/A   3562362      C   ...uslik/miniconda3/envs/he/bin/python      24714MiB |
+-----------------------------------------------------------------------------------------+
loading dataset
24 questions

XXX Starting Injected Generation XXX
Initializing generator...
Loading tokenizer...
Loading model...
Model loaded.
Running generated injected...

XXX Starting Vanilla Generation XXX
Loading model (Vanilla)...
Running generated vanilla...

XXX Comparison XXX
Question 0:
Injected CoT length (upto): 13
Vanilla CoT length (upto): 14
Injected Injection len: 17
Vanilla Injection len: 17
Captured steps - Injected: 258, Vanilla: 258
Comparing 258 steps...
------------------------------
Global Max Diff: 37.265625
Global Mean Diff: nan
Warning: NaNs encountered in difference calculation.
