Sun Jan 11 09:51:00 2026       
+-----------------------------------------------------------------------------------------+
| NVIDIA-SMI 550.90.07              Driver Version: 550.90.07      CUDA Version: 12.4     |
|-----------------------------------------+------------------------+----------------------+
| GPU  Name                 Persistence-M | Bus-Id          Disp.A | Volatile Uncorr. ECC |
| Fan  Temp   Perf          Pwr:Usage/Cap |           Memory-Usage | GPU-Util  Compute M. |
|                                         |                        |               MIG M. |
|=========================================+========================+======================|
|   0  NVIDIA L40S                    Off |   00000000:25:00.0 Off |                    0 |
| N/A   63C    P0            336W /  350W |   37469MiB /  46068MiB |    100%      Default |
|                                         |                        |                  N/A |
+-----------------------------------------+------------------------+----------------------+
|   1  NVIDIA L40S                    Off |   00000000:26:00.0 Off |                    0 |
| N/A   65C    P0            331W /  350W |   37469MiB /  46068MiB |    100%      Default |
|                                         |                        |                  N/A |
+-----------------------------------------+------------------------+----------------------+
|   2  NVIDIA L40S                    Off |   00000000:45:00.0 Off |                    0 |
| N/A   72C    P0            334W /  350W |   37469MiB /  46068MiB |    100%      Default |
|                                         |                        |                  N/A |
+-----------------------------------------+------------------------+----------------------+
|   3  NVIDIA L40S                    Off |   00000000:46:00.0 Off |                    0 |
| N/A   46C    P0            105W /  350W |    3835MiB /  46068MiB |      0%      Default |
|                                         |                        |                  N/A |
+-----------------------------------------+------------------------+----------------------+
|   4  NVIDIA L40S                    Off |   00000000:A5:00.0 Off |                    0 |
| N/A   57C    P0            325W /  350W |   37469MiB /  46068MiB |    100%      Default |
|                                         |                        |                  N/A |
+-----------------------------------------+------------------------+----------------------+
|   5  NVIDIA L40S                    Off |   00000000:A6:00.0 Off |                    0 |
| N/A   59C    P0            338W /  350W |   37469MiB /  46068MiB |    100%      Default |
|                                         |                        |                  N/A |
+-----------------------------------------+------------------------+----------------------+
|   6  NVIDIA L40S                    Off |   00000000:C5:00.0 Off |                    0 |
| N/A   32C    P0             78W /  350W |   26251MiB /  46068MiB |      0%      Default |
|                                         |                        |                  N/A |
+-----------------------------------------+------------------------+----------------------+
|   7  NVIDIA L40S                    Off |   00000000:C6:00.0 Off |                    0 |
| N/A   24C    P8             31W /  350W |       1MiB /  46068MiB |      0%      Default |
|                                         |                        |                  N/A |
+-----------------------------------------+------------------------+----------------------+
                                                                                         
+-----------------------------------------------------------------------------------------+
| Processes:                                                                              |
|  GPU   GI   CI        PID   Type   Process name                              GPU Memory |
|        ID   ID                                                               Usage      |
|=========================================================================================|
|    0   N/A  N/A   3656239      C   python                                      37462MiB |
|    1   N/A  N/A   3744731      C   python                                      37462MiB |
|    2   N/A  N/A   3656238      C   python                                      37462MiB |
|    3   N/A  N/A   3762844      C   ...ster-dissertation/.venv/bin/python3       3828MiB |
|    4   N/A  N/A   3711955      C   python                                      37462MiB |
|    5   N/A  N/A   3743316      C   python                                      37462MiB |
|    6   N/A  N/A   3681302      C   ...uslik/miniconda3/envs/he/bin/python      26244MiB |
+-----------------------------------------------------------------------------------------+
loading dataset
500 questions

XXX Starting Injected Generation XXX
Initializing generator...
Loading tokenizer...
Loading model...
Model loaded.
Running generated injected...
