Sun Jan 11 10:43:25 2026       
+-----------------------------------------------------------------------------------------+
| NVIDIA-SMI 550.90.07              Driver Version: 550.90.07      CUDA Version: 12.4     |
|-----------------------------------------+------------------------+----------------------+
| GPU  Name                 Persistence-M | Bus-Id          Disp.A | Volatile Uncorr. ECC |
| Fan  Temp   Perf          Pwr:Usage/Cap |           Memory-Usage | GPU-Util  Compute M. |
|                                         |                        |               MIG M. |
|=========================================+========================+======================|
|   0  NVIDIA L40S                    Off |   00000000:25:00.0 Off |                    0 |
| N/A   33C    P8             34W /  350W |       1MiB /  46068MiB |      0%      Default |
|                                         |                        |                  N/A |
+-----------------------------------------+------------------------+----------------------+
|   1  NVIDIA L40S                    Off |   00000000:26:00.0 Off |                    0 |
| N/A   69C    P0            329W /  350W |   37469MiB /  46068MiB |    100%      Default |
|                                         |                        |                  N/A |
+-----------------------------------------+------------------------+----------------------+
|   2  NVIDIA L40S                    Off |   00000000:45:00.0 Off |                    0 |
| N/A   57C    P0            240W /  350W |   22255MiB /  46068MiB |     81%      Default |
|                                         |                        |                  N/A |
+-----------------------------------------+------------------------+----------------------+
|   3  NVIDIA L40S                    Off |   00000000:46:00.0 Off |                    0 |
| N/A   39C    P8             32W /  350W |       1MiB /  46068MiB |      0%      Default |
|                                         |                        |                  N/A |
+-----------------------------------------+------------------------+----------------------+
|   4  NVIDIA L40S                    Off |   00000000:A5:00.0 Off |                    0 |
| N/A   58C    P0            326W /  350W |   37469MiB /  46068MiB |    100%      Default |
|                                         |                        |                  N/A |
+-----------------------------------------+------------------------+----------------------+
|   5  NVIDIA L40S                    Off |   00000000:A6:00.0 Off |                    0 |
| N/A   60C    P0            327W /  350W |   37469MiB /  46068MiB |    100%      Default |
|                                         |                        |                  N/A |
+-----------------------------------------+------------------------+----------------------+
|   6  NVIDIA L40S                    Off |   00000000:C5:00.0 Off |                    0 |
| N/A   44C    P0            251W /  350W |   26251MiB /  46068MiB |     97%      Default |
|                                         |                        |                  N/A |
+-----------------------------------------+------------------------+----------------------+
|   7  NVIDIA L40S                    Off |   00000000:C6:00.0 Off |                    0 |
| N/A   40C    P0            181W /  350W |   15245MiB /  46068MiB |     56%      Default |
|                                         |                        |                  N/A |
+-----------------------------------------+------------------------+----------------------+
                                                                                         
+-----------------------------------------------------------------------------------------+
| Processes:                                                                              |
|  GPU   GI   CI        PID   Type   Process name                              GPU Memory |
|        ID   ID                                                               Usage      |
|=========================================================================================|
|    1   N/A  N/A   3744731      C   python                                      37462MiB |
|    2   N/A  N/A   3769754      C   ...uslik/miniconda3/envs/he/bin/python      22248MiB |
|    4   N/A  N/A   3711955      C   python                                      37462MiB |
|    5   N/A  N/A   3743316      C   python                                      37462MiB |
|    6   N/A  N/A   3681302      C   ...uslik/miniconda3/envs/he/bin/python      26244MiB |
|    7   N/A  N/A   3764811      C   python                                      15238MiB |
+-----------------------------------------------------------------------------------------+
loading dataset
