Sun Jan 11 17:29:03 2026       
+-----------------------------------------------------------------------------------------+
| NVIDIA-SMI 550.120                Driver Version: 550.120        CUDA Version: 12.4     |
|-----------------------------------------+------------------------+----------------------+
| GPU  Name                 Persistence-M | Bus-Id          Disp.A | Volatile Uncorr. ECC |
| Fan  Temp   Perf          Pwr:Usage/Cap |           Memory-Usage | GPU-Util  Compute M. |
|                                         |                        |               MIG M. |
|=========================================+========================+======================|
|   0  NVIDIA RTX A6000               Off |   00000000:01:00.0 Off |                  Off |
| 54%   82C    P2            283W /  300W |    2983MiB /  49140MiB |     82%      Default |
|                                         |                        |                  N/A |
+-----------------------------------------+------------------------+----------------------+
|   1  NVIDIA RTX A6000               Off |   00000000:22:00.0 Off |                  Off |
| 60%   86C    P2            289W /  300W |    2983MiB /  49140MiB |     79%      Default |
|                                         |                        |                  N/A |
+-----------------------------------------+------------------------+----------------------+
|   2  NVIDIA RTX A6000               Off |   00000000:41:00.0 Off |                  Off |
| 40%   67C    P2            225W /  300W |    9899MiB /  49140MiB |    100%      Default |
|                                         |                        |                  N/A |
+-----------------------------------------+------------------------+----------------------+
|   3  NVIDIA RTX A6000               Off |   00000000:61:00.0 Off |                  Off |
| 55%   81C    P2            294W /  300W |   30881MiB /  49140MiB |     98%      Default |
|                                         |                        |                  N/A |
+-----------------------------------------+------------------------+----------------------+
|   4  NVIDIA RTX A6000               Off |   00000000:81:00.0 Off |                  Off |
| 30%   24C    P8             22W /  300W |     267MiB /  49140MiB |      0%      Default |
|                                         |                        |                  N/A |
+-----------------------------------------+------------------------+----------------------+
|   5  NVIDIA RTX A6000               Off |   00000000:A1:00.0 Off |                  Off |
| 30%   24C    P8             20W /  300W |       2MiB /  49140MiB |      0%      Default |
|                                         |                        |                  N/A |
+-----------------------------------------+------------------------+----------------------+
|   6  NVIDIA RTX A6000               Off |   00000000:C1:00.0 Off |                  Off |
| 31%   62C    P2            300W /  300W |   24937MiB /  49140MiB |    100%      Default |
|                                         |                        |                  N/A |
+-----------------------------------------+------------------------+----------------------+
|   7  NVIDIA RTX A6000               Off |   00000000:E1:00.0 Off |                  Off |
| 30%   26C    P8             24W /  300W |       2MiB /  49140MiB |      0%      Default |
|                                         |                        |                  N/A |
+-----------------------------------------+------------------------+----------------------+
                                                                                         
+-----------------------------------------------------------------------------------------+
| Processes:                                                                              |
|  GPU   GI   CI        PID   Type   Process name                              GPU Memory |
|        ID   ID                                                               Usage      |
|=========================================================================================|
|    0   N/A  N/A   2030368      C   python3                                      2976MiB |
|    1   N/A  N/A   2030397      C   python3                                      2976MiB |
|    2   N/A  N/A   3213153      C   python                                       9892MiB |
|    3   N/A  N/A   2920385      C   ...s/almogt/sampled-kd/venv/bin/python      30874MiB |
|    4   N/A  N/A   2920385      C   ...s/almogt/sampled-kd/venv/bin/python        260MiB |
|    6   N/A  N/A   1395151      C   ...tangled-latent-id/.venv/bin/python3      24930MiB |
+-----------------------------------------------------------------------------------------+
loading dataset
24 questions

XXX Starting Injected Generation XXX
Initializing generator...
Loading tokenizer...
Loading model...
Model loaded.
Running generated injected...

XXX Starting Vanilla Generation XXX
Loading model (Vanilla)...
Running generated vanilla...

XXX Comparison XXX
Question 0:
Injected CoT length (upto): 28
Vanilla CoT length (upto): 28
Injected Injection len: 17
Vanilla Injection len: 17
Captured steps - Injected: 258, Vanilla: 258
Comparing 258 steps...
