Sun Jan 11 12:07:11 2026       
+---------------------------------------------------------------------------------------+
| NVIDIA-SMI 535.183.01             Driver Version: 535.183.01   CUDA Version: 12.2     |
|-----------------------------------------+----------------------+----------------------+
| GPU  Name                 Persistence-M | Bus-Id        Disp.A | Volatile Uncorr. ECC |
| Fan  Temp   Perf          Pwr:Usage/Cap |         Memory-Usage | GPU-Util  Compute M. |
|                                         |                      |               MIG M. |
|=========================================+======================+======================|
|   0  NVIDIA L40S                    Off | 00000000:25:00.0 Off |                    0 |
| N/A   38C    P0              80W / 350W |  41956MiB / 46068MiB |      0%      Default |
|                                         |                      |                  N/A |
+-----------------------------------------+----------------------+----------------------+
|   1  NVIDIA L40S                    Off | 00000000:26:00.0 Off |                    0 |
| N/A   39C    P0              80W / 350W |  35304MiB / 46068MiB |      0%      Default |
|                                         |                      |                  N/A |
+-----------------------------------------+----------------------+----------------------+
|   2  NVIDIA L40S                    Off | 00000000:45:00.0 Off |                    0 |
| N/A   39C    P0              80W / 350W |  35444MiB / 46068MiB |      0%      Default |
|                                         |                      |                  N/A |
+-----------------------------------------+----------------------+----------------------+
|   3  NVIDIA L40S                    Off | 00000000:46:00.0 Off |                    0 |
| N/A   33C    P8              33W / 350W |      0MiB / 46068MiB |      0%      Default |
|                                         |                      |                  N/A |
+-----------------------------------------+----------------------+----------------------+
|   4  NVIDIA L40S                    Off | 00000000:A5:00.0 Off |                    0 |
| N/A   34C    P0              82W / 350W |  26546MiB / 46068MiB |      0%      Default |
|                                         |                      |                  N/A |
+-----------------------------------------+----------------------+----------------------+
|   5  NVIDIA L40S                    Off | 00000000:A6:00.0 Off |                    0 |
| N/A   37C    P0              80W / 350W |  24434MiB / 46068MiB |      0%      Default |
|                                         |                      |                  N/A |
+-----------------------------------------+----------------------+----------------------+
|   6  NVIDIA L40S                    Off | 00000000:C5:00.0 Off |                    0 |
| N/A   32C    P0              80W / 350W |  35284MiB / 46068MiB |      0%      Default |
|                                         |                      |                  N/A |
+-----------------------------------------+----------------------+----------------------+
|   7  NVIDIA L40S                    Off | 00000000:C6:00.0 Off |                    0 |
| N/A   33C    P0              81W / 350W |  24722MiB / 46068MiB |      0%      Default |
|                                         |                      |                  N/A |
+-----------------------------------------+----------------------+----------------------+
                                                                                         
+---------------------------------------------------------------------------------------+
| Processes:                                                                            |
|  GPU   GI   CI        PID   Type   Process name                            GPU Memory |
|        ID   ID                                                             Usage      |
|=======================================================================================|
|    0   N/A  N/A   1787429      C   ...dortirosh/envs/olmo2/bin/python3.11    40660MiB |
|    0   N/A  N/A   1787430      C   ...dortirosh/envs/olmo2/bin/python3.11      424MiB |
|    0   N/A  N/A   1787431      C   ...dortirosh/envs/olmo2/bin/python3.11      424MiB |
|    0   N/A  N/A   1787432      C   ...dortirosh/envs/olmo2/bin/python3.11      424MiB |
|    1   N/A  N/A   1787430      C   ...dortirosh/envs/olmo2/bin/python3.11    35296MiB |
|    2   N/A  N/A   1787431      C   ...dortirosh/envs/olmo2/bin/python3.11    35436MiB |
|    4   N/A  N/A   1690347      C   ...uslik/miniconda3/envs/he/bin/python    26538MiB |
|    5   N/A  N/A   1690349      C   ...uslik/miniconda3/envs/he/bin/python    24426MiB |
|    6   N/A  N/A   1787432      C   ...dortirosh/envs/olmo2/bin/python3.11    35276MiB |
|    7   N/A  N/A   1650472      C   ...uslik/miniconda3/envs/he/bin/python    24714MiB |
+---------------------------------------------------------------------------------------+
loading dataset
2 questions

XXX Starting Injected Generation XXX
Initializing generator...
Loading tokenizer...
Loading model...
Model loaded.
Running generated injected...

XXX Starting Vanilla Generation XXX
Loading model (Vanilla)...
Running generated vanilla...

XXX Comparison XXX
Question 0:
Injected CoT length (upto): 13
Vanilla CoT length (upto): 14
Injected Injection len: 17
Vanilla Injection len: 17
Captured steps - Injected: 258, Vanilla: 258
Step 0, Layer model.layers.0 mismatch. Max diff: 0.015625
  Injected NaNs: False, Vanilla NaNs: False
  Injected mean: -0.012081806547939777, std: 2.0254318714141846
  Vanilla mean: -0.012079643085598946, std: 2.025299310684204
Divergence found at step 0
Activations match for first 0 steps.
FAILURE: Activations do not match.
