Mon Dec 22 20:20:11 2025       
+-----------------------------------------------------------------------------------------+
| NVIDIA-SMI 550.120                Driver Version: 550.120        CUDA Version: 12.4     |
|-----------------------------------------+------------------------+----------------------+
| GPU  Name                 Persistence-M | Bus-Id          Disp.A | Volatile Uncorr. ECC |
| Fan  Temp   Perf          Pwr:Usage/Cap |           Memory-Usage | GPU-Util  Compute M. |
|                                         |                        |               MIG M. |
|=========================================+========================+======================|
|   0  NVIDIA RTX A5000               On  |   00000000:85:00.0 Off |                  Off |
| 30%   53C    P2            107W /  230W |   18707MiB /  24564MiB |     37%      Default |
|                                         |                        |                  N/A |
+-----------------------------------------+------------------------+----------------------+
|   1  NVIDIA RTX A5000               On  |   00000000:86:00.0 Off |                  Off |
| 30%   56C    P2            146W /  230W |   16141MiB /  24564MiB |     86%      Default |
|                                         |                        |                  N/A |
+-----------------------------------------+------------------------+----------------------+
|   2  NVIDIA RTX A5000               On  |   00000000:C5:00.0 Off |                  Off |
| 30%   42C    P2             57W /  230W |    3563MiB /  24564MiB |      0%      Default |
|                                         |                        |                  N/A |
+-----------------------------------------+------------------------+----------------------+
|   3  NVIDIA RTX A5000               On  |   00000000:C6:00.0 Off |                  Off |
| 30%   30C    P5             31W /  230W |       2MiB /  24564MiB |      0%      Default |
|                                         |                        |                  N/A |
+-----------------------------------------+------------------------+----------------------+
                                                                                         
+-----------------------------------------------------------------------------------------+
| Processes:                                                                              |
|  GPU   GI   CI        PID   Type   Process name                              GPU Memory |
|        ID   ID                                                               Usage      |
|=========================================================================================|
|    0   N/A  N/A    889610      C   ...s/almogt/sampled-kd/venv/bin/python      18700MiB |
|    1   N/A  N/A    889610      C   ...s/almogt/sampled-kd/venv/bin/python      16134MiB |
|    2   N/A  N/A    929169      C   python                                       3556MiB |
+-----------------------------------------------------------------------------------------+
