Sun Jan  4 22:06:18 2026       
+-----------------------------------------------------------------------------------------+
| NVIDIA-SMI 550.120                Driver Version: 550.120        CUDA Version: 12.4     |
|-----------------------------------------+------------------------+----------------------+
| GPU  Name                 Persistence-M | Bus-Id          Disp.A | Volatile Uncorr. ECC |
| Fan  Temp   Perf          Pwr:Usage/Cap |           Memory-Usage | GPU-Util  Compute M. |
|                                         |                        |               MIG M. |
|=========================================+========================+======================|
|   0  NVIDIA RTX A6000               Off |   00000000:01:00.0 Off |                  Off |
| 51%   75C    P2            299W /  300W |   10365MiB /  49140MiB |    100%      Default |
|                                         |                        |                  N/A |
+-----------------------------------------+------------------------+----------------------+
|   1  NVIDIA RTX A6000               Off |   00000000:21:00.0 Off |                  Off |
| 55%   79C    P2            298W /  300W |   15973MiB /  49140MiB |     99%      Default |
|                                         |                        |                  N/A |
+-----------------------------------------+------------------------+----------------------+
|   2  NVIDIA RTX A6000               Off |   00000000:41:00.0 Off |                  Off |
| 30%   36C    P8             19W /  300W |     267MiB /  49140MiB |      0%      Default |
|                                         |                        |                  N/A |
+-----------------------------------------+------------------------+----------------------+
|   3  NVIDIA RTX A6000               Off |   00000000:61:00.0 Off |                  Off |
| 37%   67C    P2            208W /  300W |   16033MiB /  49140MiB |     37%      Default |
|                                         |                        |                  N/A |
+-----------------------------------------+------------------------+----------------------+
|   4  NVIDIA RTX A6000               Off |   00000000:81:00.0 Off |                  Off |
| 30%   28C    P8             15W /  300W |       2MiB /  49140MiB |      0%      Default |
|                                         |                        |                  N/A |
+-----------------------------------------+------------------------+----------------------+
|   5  NVIDIA RTX A6000               Off |   00000000:A1:00.0 Off |                  Off |
| 30%   44C    P2            149W /  300W |   20283MiB /  49140MiB |     27%      Default |
|                                         |                        |                  N/A |
+-----------------------------------------+------------------------+----------------------+
|   6  NVIDIA RTX A6000               Off |   00000000:C1:00.0 Off |                  Off |
| 30%   24C    P8             27W /  300W |     267MiB /  49140MiB |      0%      Default |
|                                         |                        |                  N/A |
+-----------------------------------------+------------------------+----------------------+
|   7  NVIDIA RTX A6000               Off |   00000000:E1:00.0 Off |                  Off |
| 30%   25C    P8             22W /  300W |     267MiB /  49140MiB |      0%      Default |
|                                         |                        |                  N/A |
+-----------------------------------------+------------------------+----------------------+
                                                                                         
+-----------------------------------------------------------------------------------------+
| Processes:                                                                              |
|  GPU   GI   CI        PID   Type   Process name                              GPU Memory |
|        ID   ID                                                               Usage      |
|=========================================================================================|
|    0   N/A  N/A    190429      C   ...envs/prompt_originality/bin/python3      10358MiB |
|    1   N/A  N/A    152132      C   ...s/almogt/sampled-kd/venv/bin/python      15966MiB |
|    2   N/A  N/A    152132      C   ...s/almogt/sampled-kd/venv/bin/python        260MiB |
|    3   N/A  N/A    128100      C   ...s/almogt/sampled-kd/venv/bin/python      16026MiB |
|    5   N/A  N/A    166132      C   ...s/almogt/sampled-kd/venv/bin/python      20276MiB |
|    6   N/A  N/A    166132      C   ...s/almogt/sampled-kd/venv/bin/python        260MiB |
|    7   N/A  N/A    128100      C   ...s/almogt/sampled-kd/venv/bin/python        260MiB |
+-----------------------------------------------------------------------------------------+
